<?xml version="1.0" encoding="UTF-8"?>
<!-- Generated by org.testng.reporters.JUnitReportReporter -->
<testsuite hostname="DESKTOP-5AIFGKM" failures="0" tests="1" name="org.xyz.tests.ViewApplicationTest" time="33.494" errors="0" timestamp="2024-03-08T13:39:20 IST" skipped="0">
  <testcase classname="org.xyz.tests.ViewApplicationTest" name="userApplyApplicationAndVerifyInAdminViewApplicationPage" time="33.494"/>
</testsuite> <!-- org.xyz.tests.ViewApplicationTest -->
