<?xml version="1.0" encoding="UTF-8"?>
<!-- Generated by org.testng.reporters.JUnitReportReporter -->
<testsuite hostname="DESKTOP-5AIFGKM" failures="0" tests="1" name="org.xyz.tests.LoginTest" time="1.036" errors="0" timestamp="2024-03-06T18:33:47 IST" skipped="0">
  <testcase classname="org.xyz.tests.LoginTest" name="adminLoginWithValidCredentials" time="1.036"/>
</testsuite> <!-- org.xyz.tests.LoginTest -->
