<?xml version="1.0" encoding="UTF-8"?>
<!-- Generated by org.testng.reporters.JUnitReportReporter -->
<testsuite hostname="DESKTOP-5AIFGKM" failures="0" tests="1" name="org.xyz.tests.UserActionsTest" time="26.320" errors="0" timestamp="2024-03-07T17:02:01 IST" skipped="0">
  <testcase classname="org.xyz.tests.UserActionsTest" name="userLoginAndApplyForJobWirhOnlyMandatoryFields" time="26.320"/>
</testsuite> <!-- org.xyz.tests.UserActionsTest -->
