<?xml version="1.0" encoding="UTF-8"?>
<!-- Generated by org.testng.reporters.JUnitReportReporter -->
<testsuite hostname="DESKTOP-5AIFGKM" failures="0" tests="1" name="org.xyz.tests.AdminActions" time="23.601" errors="0" timestamp="2024-03-06T18:58:49 IST" skipped="0">
  <testcase classname="org.xyz.tests.AdminActions" name="adminChangesIntervieStausAsInterView" time="23.601"/>
</testsuite> <!-- org.xyz.tests.AdminActions -->
