<?xml version="1.0" encoding="UTF-8"?>
<!-- Generated by org.testng.reporters.JUnitReportReporter -->
<testsuite hostname="DESKTOP-5AIFGKM" failures="0" tests="1" name="org.xyz.tests.UserHomepage" time="5.667" errors="0" timestamp="2024-02-16T12:28:55 IST" skipped="0">
  <testcase classname="org.xyz.tests.UserHomepage" name="LoginasNewuserAndVerify" time="5.667"/>
</testsuite> <!-- org.xyz.tests.UserHomepage -->
